DEPRECATED: The legacy builder is deprecated and will be removed in a future release.
            Install the buildx component to build images with BuildKit:
            https://docs.docker.com/go/buildx/

Sending build context to Docker daemon  6.144kB
Step 1/9 : FROM ubuntu:22.04
 ---> 97271d29cb79
Step 2/9 : ENV DEBIAN_FRONTEND=noninteractive
 ---> Using cache
 ---> b44b0b4d7460
Step 3/9 : RUN apt-get update && apt-get install -y     bc     bison     build-essential     ccache     curl     dosfstools     e2fsprogs     fdisk     flex     g++-multilib     gcc-multilib     git     kpartx     lib32ncurses5-dev     lib32readline-dev     lib32z1-dev     libncurses5-dev     libssl-dev     libxml2-utils     lzop     mtools     pngcrush     python3     repo     rsync     sudo     unzip     wget     zip     zlib1g-dev     && rm -rf /var/lib/apt/lists/*
 ---> Using cache
 ---> 23d590bc66bd
Step 4/9 : ARG USER_ID=1000
 ---> Using cache
 ---> 90a9dc290ebb
Step 5/9 : ARG GROUP_ID=1000
 ---> Using cache
 ---> 3a8282e615e7
Step 6/9 : RUN groupadd -g ${GROUP_ID} worker && useradd -m -u ${USER_ID} -g worker worker
 ---> Using cache
 ---> f2d7daa136a9
Step 7/9 : RUN echo "worker ALL=(ALL) NOPASSWD:ALL" >> /etc/sudoers
 ---> Using cache
 ---> 43370bf6a534
Step 8/9 : USER worker
 ---> Using cache
 ---> b0ce0bd969a2
Step 9/9 : WORKDIR /home/worker
 ---> Using cache
 ---> fbf144891621
Successfully built fbf144891621
Successfully tagged rpi_4_15_dev-builder:latest
DEPRECATED: The legacy builder is deprecated and will be removed in a future release.
            Install the buildx component to build images with BuildKit:
            https://docs.docker.com/go/buildx/

Sending build context to Docker daemon  6.144kB
Step 1/9 : FROM ubuntu:22.04
 ---> 97271d29cb79
Step 2/9 : ENV DEBIAN_FRONTEND=noninteractive
 ---> Using cache
 ---> b44b0b4d7460
Step 3/9 : RUN apt-get update && apt-get install -y     bc     bison     build-essential     ccache     curl     dosfstools     e2fsprogs     fdisk     flex     g++-multilib     gcc-multilib     git     kpartx     lib32ncurses5-dev     lib32readline-dev     lib32z1-dev     libncurses5-dev     libssl-dev     libxml2-utils     lzop     mtools     pngcrush     python3     repo     rsync     sudo     unzip     wget     zip     zlib1g-dev     && rm -rf /var/lib/apt/lists/*
 ---> Using cache
 ---> 23d590bc66bd
Step 4/9 : ARG USER_ID=1000
 ---> Using cache
 ---> 90a9dc290ebb
Step 5/9 : ARG GROUP_ID=1000
 ---> Using cache
 ---> 3a8282e615e7
Step 6/9 : RUN groupadd -g ${GROUP_ID} worker && useradd -m -u ${USER_ID} -g worker worker
 ---> Using cache
 ---> f2d7daa136a9
Step 7/9 : RUN echo "worker ALL=(ALL) NOPASSWD:ALL" >> /etc/sudoers
 ---> Using cache
 ---> 43370bf6a534
Step 8/9 : USER worker
 ---> Using cache
 ---> b0ce0bd969a2
Step 9/9 : WORKDIR /home/worker
 ---> Using cache
 ---> fbf144891621
Successfully built fbf144891621
Successfully tagged rpi_4_15_dev-builder:latest
DEPRECATED: The legacy builder is deprecated and will be removed in a future release.
            Install the buildx component to build images with BuildKit:
            https://docs.docker.com/go/buildx/

Sending build context to Docker daemon  6.144kB
Step 1/9 : FROM ubuntu:22.04
 ---> 97271d29cb79
Step 2/9 : ENV DEBIAN_FRONTEND=noninteractive
 ---> Using cache
 ---> b44b0b4d7460
Step 3/9 : RUN apt-get update && apt-get install -y     bc     bison     build-essential     ccache     curl     dosfstools     e2fsprogs     fdisk     flex     g++-multilib     gcc-multilib     git     kpartx     lib32ncurses5-dev     lib32readline-dev     lib32z1-dev     libncurses5-dev     libssl-dev     libxml2-utils     lzop     mtools     pngcrush     python3     repo     rsync     sudo     unzip     wget     zip     zlib1g-dev     && rm -rf /var/lib/apt/lists/*
 ---> Using cache
 ---> 23d590bc66bd
Step 4/9 : ARG USER_ID=1000
 ---> Using cache
 ---> 90a9dc290ebb
Step 5/9 : ARG GROUP_ID=1000
 ---> Using cache
 ---> 3a8282e615e7
Step 6/9 : RUN groupadd -g ${GROUP_ID} worker && useradd -m -u ${USER_ID} -g worker worker
 ---> Using cache
 ---> f2d7daa136a9
Step 7/9 : RUN echo "worker ALL=(ALL) NOPASSWD:ALL" >> /etc/sudoers
 ---> Using cache
 ---> 43370bf6a534
Step 8/9 : USER worker
 ---> Using cache
 ---> b0ce0bd969a2
Step 9/9 : WORKDIR /home/worker
 ---> Using cache
 ---> fbf144891621
Successfully built fbf144891621
Successfully tagged rpi_4_15_dev-builder:latest
DEPRECATED: The legacy builder is deprecated and will be removed in a future release.
            Install the buildx component to build images with BuildKit:
            https://docs.docker.com/go/buildx/

Sending build context to Docker daemon  6.144kB
Step 1/9 : FROM ubuntu:22.04
 ---> 97271d29cb79
Step 2/9 : ENV DEBIAN_FRONTEND=noninteractive
 ---> Using cache
 ---> b44b0b4d7460
Step 3/9 : RUN apt-get update && apt-get install -y     bc     bison     build-essential     ccache     curl     dosfstools     e2fsprogs     fdisk     flex     g++-multilib     gcc-multilib     git     kpartx     lib32ncurses5-dev     lib32readline-dev     lib32z1-dev     libncurses5-dev     libssl-dev     libxml2-utils     lzop     mtools     pngcrush     python3     repo     rsync     sudo     unzip     wget     zip     zlib1g-dev     && rm -rf /var/lib/apt/lists/*
 ---> Using cache
 ---> 23d590bc66bd
Step 4/9 : ARG USER_ID=1000
 ---> Using cache
 ---> 90a9dc290ebb
Step 5/9 : ARG GROUP_ID=1000
 ---> Using cache
 ---> 3a8282e615e7
Step 6/9 : RUN groupadd -g ${GROUP_ID} worker && useradd -m -u ${USER_ID} -g worker worker
 ---> Using cache
 ---> f2d7daa136a9
Step 7/9 : RUN echo "worker ALL=(ALL) NOPASSWD:ALL" >> /etc/sudoers
 ---> Using cache
 ---> 43370bf6a534
Step 8/9 : USER worker
 ---> Using cache
 ---> b0ce0bd969a2
Step 9/9 : WORKDIR /home/worker
 ---> Using cache
 ---> fbf144891621
Successfully built fbf144891621
Successfully tagged rpi_4_15_dev-builder:latest
DEPRECATED: The legacy builder is deprecated and will be removed in a future release.
            Install the buildx component to build images with BuildKit:
            https://docs.docker.com/go/buildx/

Sending build context to Docker daemon  6.144kB
Step 1/9 : FROM ubuntu:22.04
 ---> 97271d29cb79
Step 2/9 : ENV DEBIAN_FRONTEND=noninteractive
 ---> Using cache
 ---> b44b0b4d7460
Step 3/9 : RUN apt-get update && apt-get install -y     bc     bison     build-essential     ccache     curl     dosfstools     e2fsprogs     fdisk     flex     g++-multilib     gcc-multilib     git     kpartx     lib32ncurses5-dev     lib32readline-dev     lib32z1-dev     libncurses5-dev     libssl-dev     libxml2-utils     lzop     mtools     pngcrush     python3     repo     rsync     sudo     unzip     wget     zip     zlib1g-dev     && rm -rf /var/lib/apt/lists/*
 ---> Using cache
 ---> 23d590bc66bd
Step 4/9 : ARG USER_ID=1000
 ---> Using cache
 ---> 90a9dc290ebb
Step 5/9 : ARG GROUP_ID=1000
 ---> Using cache
 ---> 3a8282e615e7
Step 6/9 : RUN groupadd -g ${GROUP_ID} worker && useradd -m -u ${USER_ID} -g worker worker
 ---> Using cache
 ---> f2d7daa136a9
Step 7/9 : RUN echo "worker ALL=(ALL) NOPASSWD:ALL" >> /etc/sudoers
 ---> Using cache
 ---> 43370bf6a534
Step 8/9 : USER worker
 ---> Using cache
 ---> b0ce0bd969a2
Step 9/9 : WORKDIR /home/worker
 ---> Using cache
 ---> fbf144891621
Successfully built fbf144891621
Successfully tagged rpi_4_15_dev-builder:latest
